The show started at: Sat Jan  8 22:11:22 2022

The user tried character 'J' on Sat Jan  8 22:11:27 2022

The show ended at: Sat Jan  8 22:11:27 2022


The show started at: Sat Jan  8 22:14:33 2022

The user tried character 'S' on Sat Jan  8 22:14:40 2022

The show ended at: Sat Jan  8 22:14:40 2022


The show started at: Sat Jan  8 22:15:58 2022

The user tried character 'S' on Sat Jan  8 22:15:59 2022

The show ended at: Sat Jan  8 22:15:59 2022


The show started at: Sat Jan  8 22:16:33 2022

The user tried character 'S' on Sat Jan  8 22:16:37 2022

The show ended at: Sat Jan  8 22:16:37 2022


The show started at: Sat Jan  8 22:17:10 2022

The user tried character 'G' on Sat Jan  8 22:17:12 2022

The show ended at: Sat Jan  8 22:17:12 2022


The show started at: Sat Jan  8 22:18:16 2022

The user tried character 'S' on Sat Jan  8 22:18:17 2022

The show ended at: Sat Jan  8 22:18:17 2022


The show started at: Sat Jan  8 22:25:59 2022

The user tried character 'H' on Sat Jan  8 22:26:01 2022

The show ended at: Sat Jan  8 22:26:01 2022


The show started at: Wed Jan 19 20:34:41 2022

The user tried character '4' on Wed Jan 19 20:34:43 2022

The user tried character 'R' on Wed Jan 19 20:34:45 2022

The show ended at: Wed Jan 19 20:34:45 2022


The show started at: Wed Jan 19 20:35:45 2022

The user tried character 'R' on Wed Jan 19 20:35:46 2022

The show ended at: Wed Jan 19 20:35:46 2022


The show started at: Wed Jan 19 20:40:06 2022

The user tried character 'W' on Wed Jan 19 20:40:08 2022

The show ended at: Wed Jan 19 20:40:08 2022


The show started at: Wed Jan 19 20:42:38 2022

The user tried character 'F' on Wed Jan 19 20:42:41 2022

The show ended at: Wed Jan 19 20:42:41 2022


The show started at: Wed Jan 19 20:54:14 2022

The user tried character 'F' on Wed Jan 19 20:54:17 2022

The show ended at: Wed Jan 19 20:54:17 2022


The show started at: Wed Jan 19 21:07:07 2022

The user tried character 'U' on Wed Jan 19 21:07:49 2022

The show ended at: Wed Jan 19 21:08:25 2022


The show started at: Wed Jan 19 21:22:27 2022

The user tried character 'R' on Wed Jan 19 21:23:17 2022

The show ended at: Wed Jan 19 21:29:04 2022


The show started at: Wed Jan 19 21:31:55 2022

The user tried character 'S' on Wed Jan 19 21:31:57 2022

The show ended at: Wed Jan 19 21:31:57 2022


The show started at: Wed Jan 19 21:32:30 2022

The user tried character 'C' on Wed Jan 19 21:32:37 2022

The show ended at: Wed Jan 19 21:32:37 2022


The show started at: Wed Jan 19 21:33:12 2022

The user tried character 'S' on Wed Jan 19 21:33:13 2022

The show ended at: Wed Jan 19 21:33:13 2022


The show started at: Wed Jan 19 21:33:41 2022

The user tried character 'S' on Wed Jan 19 21:33:43 2022

The show ended at: Wed Jan 19 21:33:43 2022


The show started at: Wed Jan 19 21:36:37 2022

The user tried character 'S' on Wed Jan 19 21:36:38 2022

The show ended at: Wed Jan 19 21:36:38 2022


The show started at: Wed Jan 19 21:38:13 2022

The user tried character 'S' on Wed Jan 19 21:38:15 2022

The show ended at: Wed Jan 19 21:38:15 2022


The show started at: Wed Jan 19 21:38:39 2022

The user tried character 'F' on Wed Jan 19 21:38:41 2022

The Show Ended.
The show ended at: Wed Jan 19 21:38:41 2022


The show started at: Wed Jan 19 21:39:22 2022

The user tried character 'F' on Wed Jan 19 21:39:26 2022

The show ended at: Wed Jan 19 21:39:26 2022


The show started at: Wed Jan 19 21:39:46 2022

The user tried character 'S' on Wed Jan 19 21:39:47 2022

The show ended at: Wed Jan 19 21:39:47 2022


The show started at: Wed Jan 19 21:43:40 2022

The user tried character 'S' on Wed Jan 19 21:43:43 2022

The show ended at: Wed Jan 19 21:43:43 2022


The show started at: Wed Jan 19 21:44:10 2022

The user tried character '$' on Wed Jan 19 21:44:21 2022

The user tried character 'F' on Wed Jan 19 21:45:51 2022

The show ended at: Wed Jan 19 21:45:51 2022


The show started at: Wed Jan 19 21:46:45 2022

The user tried character 'S' on Wed Jan 19 21:46:48 2022

The show ended at: Wed Jan 19 21:46:48 2022


The show started at: Wed Jan 19 21:47:11 2022

The user tried character 'F' on Wed Jan 19 21:47:12 2022

The show ended at: Wed Jan 19 21:47:12 2022


The show started at: Wed Jan 19 21:49:54 2022

The user tried character 'A' on Wed Jan 19 21:49:58 2022

The Show Ended.
The show ended at: Wed Jan 19 21:49:58 2022


The show started at: Wed Jan 19 21:50:41 2022

The user tried character 'D' on Wed Jan 19 21:50:43 2022

The show ended at: Wed Jan 19 21:50:43 2022


The show started at: Wed Jan 19 21:56:32 2022

The user tried character 'S' on Wed Jan 19 21:56:33 2022

The Show Ended.
The show ended at: Wed Jan 19 21:56:33 2022


The show started at: Wed Jan 19 21:57:00 2022

The user tried character 'F' on Wed Jan 19 21:57:02 2022

The show ended at: Wed Jan 19 21:57:02 2022


The show started at: Sat Jan 29 21:43:57 2022

The user tried character '1' on Sat Jan 29 21:44:01 2022

The user tried character 'F' on Sat Jan 29 21:44:05 2022

The Show Ended.
The show ended at: Sat Jan 29 21:44:05 2022


The show started at: Sat Jan 29 21:48:38 2022

The user tried character 'F' on Sat Jan 29 21:48:40 2022

The show ended at: Sat Jan 29 21:48:40 2022


The show started at: Sat Jan 29 21:49:57 2022

The user tried character 'G' on Sat Jan 29 21:50:00 2022

The show ended at: Sat Jan 29 21:50:00 2022


The show started at: Sat Jan 29 21:50:54 2022

The user tried character 'S' on Sat Jan 29 21:50:58 2022

The show ended at: Sat Jan 29 21:50:58 2022


The show started at: Sat Jan 29 21:51:43 2022

The user tried character '#' on Sat Jan 29 21:51:43 2022

The user tried character 'R' on Sat Jan 29 21:51:44 2022

The show ended at: Sat Jan 29 21:51:44 2022


The show started at: Sat Jan 29 21:53:17 2022

The user tried character 'R' on Sat Jan 29 21:54:11 2022

The show ended at: Sat Jan 29 21:57:14 2022


The show started at: Sat Jan 29 22:05:07 2022

The user tried character 'K' on Sat Jan 29 22:05:14 2022

The show ended at: Sat Jan 29 22:05:14 2022


The show started at: Sat Jan 29 22:06:11 2022

The user tried character 'A' on Sat Jan 29 22:06:26 2022

The show ended at: Sat Jan 29 22:06:26 2022


The show started at: Sat Jan 29 22:18:17 2022

The user tried character 'R' on Sat Jan 29 22:18:19 2022

The show ended at: Sat Jan 29 22:18:19 2022


The show started at: Sat Jan 29 22:19:56 2022

The user tried character 'F' on Sat Jan 29 22:19:58 2022

The show ended at: Sat Jan 29 22:21:46 2022


The show started at: Sat Jan 29 22:22:50 2022

The user tried character 'F' on Sat Jan 29 22:22:55 2022

The show ended at: Sat Jan 29 22:22:55 2022


The show started at: Sat Jan 29 22:23:39 2022

The user tried character 'S' on Sat Jan 29 22:23:40 2022

The show ended at: Sat Jan 29 22:23:40 2022


The show started at: Sat Jan 29 22:26:47 2022

The user tried character 'S' on Sat Jan 29 22:26:48 2022

The show ended at: Sat Jan 29 22:26:48 2022


The show started at: Sat Jan 29 22:37:03 2022

The user tried character 'F' on Sat Jan 29 22:37:07 2022

The show ended at: Sat Jan 29 22:37:07 2022


The show started at: Sat Jan 29 22:46:24 2022

The user tried character 'R' on Sat Jan 29 22:46:37 2022

The show ended at: Sat Jan 29 22:46:37 2022


The show started at: Sat Jan 29 22:58:48 2022

The user tried character 'G' on Sat Jan 29 22:59:01 2022

The Show Ended.
The show ended at: Sat Jan 29 22:59:01 2022


The show started at: Sat Jan 29 23:03:26 2022

The user tried character 'P' on Sat Jan 29 23:03:30 2022

The show ended at: Sat Jan 29 23:03:30 2022


The show started at: Sat Jan 29 23:12:05 2022

The user tried character 'F' on Sat Jan 29 23:12:13 2022

The show ended at: Sat Jan 29 23:12:13 2022


The show started at: Sat Jan 29 23:14:30 2022

The user tried character 'R' on Sat Jan 29 23:14:59 2022

The show ended at: Sat Jan 29 23:16:39 2022


The show started at: Sat Jan 29 23:19:29 2022

The user tried character 'D' on Sat Jan 29 23:19:31 2022

The show ended at: Sat Jan 29 23:19:31 2022


The show started at: Mon Jan 31 16:54:59 2022

The user tried character 'E' on Mon Jan 31 16:55:02 2022

The show ended at: Mon Jan 31 16:55:02 2022


The show started at: Mon Jan 31 17:01:31 2022

The user tried character '4' on Mon Jan 31 17:01:34 2022

The user tried character 'G' on Mon Jan 31 17:01:35 2022

The show ended at: Mon Jan 31 17:01:35 2022


The show started at: Mon Jan 31 17:08:43 2022

The user tried character 'N' on Mon Jan 31 17:09:13 2022

The show ended at: Mon Jan 31 17:12:28 2022


The show started at: Mon Jan 31 17:19:01 2022

The user tried character 'G' on Mon Jan 31 17:19:05 2022

The show ended at: Mon Jan 31 17:19:05 2022


The show started at: Mon Jan 31 17:21:28 2022

The user tried character 'T' on Mon Jan 31 17:21:34 2022

The show ended at: Mon Jan 31 17:21:34 2022


The show started at: Mon Jan 31 17:27:33 2022

The user tried character 'M' on Mon Jan 31 17:27:36 2022

The show ended at: Mon Jan 31 17:27:36 2022


The show started at: Mon Jan 31 17:27:58 2022

The user tried character 'S' on Mon Jan 31 17:28:04 2022

The show ended at: Mon Jan 31 17:28:04 2022


The show started at: Mon Jan 31 17:29:03 2022

The user tried character 'R' on Mon Jan 31 17:29:17 2022

The show ended at: Mon Jan 31 17:29:33 2022


The show started at: Mon Jan 31 17:30:02 2022

The user tried character 'F' on Mon Jan 31 17:30:10 2022

The show ended at: Mon Jan 31 17:30:18 2022


The show started at: Mon Jan 31 17:32:22 2022

The user tried character 'O' on Mon Jan 31 17:32:28 2022

The show ended at: Mon Jan 31 17:32:34 2022


The show started at: Mon Jan 31 17:35:34 2022

The user tried character 'F' on Mon Jan 31 17:35:37 2022

The show ended at: Mon Jan 31 17:35:37 2022


The show started at: Mon Jan 31 17:36:08 2022

The user tried character 'E' on Mon Jan 31 17:36:10 2022

The show ended at: Mon Jan 31 17:36:10 2022


The show started at: Mon Jan 31 17:39:27 2022

The user tried character 'M' on Mon Jan 31 17:39:29 2022

The show ended at: Mon Jan 31 17:39:29 2022


The show started at: Mon Jan 31 17:40:06 2022

The user tried character 'G' on Mon Jan 31 17:40:08 2022

The show ended at: Mon Jan 31 17:40:08 2022


The show started at: Mon Jan 31 17:42:42 2022

The user tried character 'S' on Mon Jan 31 17:42:44 2022

The user tried character 'A' on Mon Jan 31 17:42:45 2022

The user tried character 'M' on Mon Jan 31 17:42:47 2022

The user tried character 'N' on Mon Jan 31 17:42:49 2022

Player won.

The show ended at: Mon Jan 31 17:42:49 2022


The show started at: Mon Jan 31 17:47:02 2022

The user tried character 'T' on Mon Jan 31 17:47:04 2022

The user tried character 'A' on Mon Jan 31 17:47:06 2022

The user tried character 'L' on Mon Jan 31 17:47:08 2022

The user tried character 'K' on Mon Jan 31 17:47:12 2022

The user tried character 'M' on Mon Jan 31 17:47:16 2022

The user tried character 'H' on Mon Jan 31 17:47:18 2022

The user tried character 'R' on Mon Jan 31 17:47:20 2022

The user tried character 'H' on Mon Jan 31 17:47:23 2022

The user tried character 'P' on Mon Jan 31 17:47:27 2022

The user tried character 'O' on Mon Jan 31 17:47:30 2022

The user tried character 'D' on Mon Jan 31 17:47:31 2022

Player won.

The show ended at: Mon Jan 31 17:47:31 2022


The show started at: Mon Jan 31 21:49:03 2022

The user tried character 'R' on Mon Jan 31 21:49:08 2022

The user tried character 'S' on Mon Jan 31 21:49:10 2022

The user tried character 'F' on Mon Jan 31 21:49:12 2022

The user tried character 'Q' on Mon Jan 31 21:49:12 2022

The user tried character 'X' on Mon Jan 31 21:49:13 2022

The Show Ended.
The show ended at: Mon Jan 31 21:49:13 2022


The show started at: Mon Jan 31 21:49:57 2022

The user tried character 'D' on Mon Jan 31 21:50:00 2022

The user tried character 'S' on Mon Jan 31 21:50:02 2022

The user tried character 'E' on Mon Jan 31 21:50:03 2022

The user tried character 'L' on Mon Jan 31 21:50:04 2022

The user tried character 'S' on Mon Jan 31 21:50:07 2022

The user tried character 'M' on Mon Jan 31 21:50:09 2022

The user tried character 'F' on Mon Jan 31 21:50:16 2022

The user tried character 'Z' on Mon Jan 31 21:50:20 2022

The Show Ended.
The show ended at: Mon Jan 31 21:50:20 2022


The show started at: Mon Jan 31 22:00:35 2022

The user tried character 'F' on Mon Jan 31 22:00:38 2022

The user tried character 'S' on Mon Jan 31 22:00:38 2022

The user tried character 'Q' on Mon Jan 31 22:00:39 2022

The user tried character 'S' on Mon Jan 31 22:00:40 2022

The user tried character 'G' on Mon Jan 31 22:00:41 2022

The user tried character 'H' on Mon Jan 31 22:00:41 2022

The Show Ended.
The show ended at: Mon Jan 31 22:00:51 2022


The show started at: Mon Jan 31 22:06:03 2022

The user tried character 'D' on Mon Jan 31 22:06:04 2022

The user tried character 'F' on Mon Jan 31 22:06:44 2022

The user tried character 'S' on Mon Jan 31 22:06:44 2022

The user tried character 'Q' on Mon Jan 31 22:06:45 2022

The user tried character 'T' on Mon Jan 31 22:06:46 2022

The user tried character 'U' on Mon Jan 31 22:06:46 2022

The user tried character 'H' on Mon Jan 31 22:06:47 2022

The user tried character 'N' on Mon Jan 31 22:06:48 2022

The user tried character 'V' on Mon Jan 31 22:06:49 2022

The Show Ended.
The show ended at: Mon Jan 31 22:06:56 2022


The show started at: Mon Jan 31 21:59:45 2022

The user tried character 'S' on Mon Jan 31 21:59:46 2022

The user tried character 'R' on Mon Jan 31 21:59:47 2022

The user tried character 'Q' on Mon Jan 31 21:59:48 2022

The user tried character 'A' on Mon Jan 31 21:59:49 2022

The user tried character 'X' on Mon Jan 31 21:59:49 2022

The user tried character 'F' on Mon Jan 31 21:59:50 2022

The Show Ended.
The show ended at: Mon Jan 31 22:08:10 2022


The show started at: Mon Jan 31 22:08:14 2022

The user tried character 'F' on Mon Jan 31 22:08:16 2022

The user tried character 'D' on Mon Jan 31 22:08:16 2022

The user tried character 'S' on Mon Jan 31 22:08:17 2022

The user tried character 'A' on Mon Jan 31 22:08:18 2022

The user tried character 'Q' on Mon Jan 31 22:08:18 2022

The user tried character 'C' on Mon Jan 31 22:08:19 2022

The user tried character 'B' on Mon Jan 31 22:08:21 2022

The user tried character 'G' on Mon Jan 31 22:08:22 2022

The user tried character 'T' on Mon Jan 31 22:08:23 2022

The user tried character 'R' on Mon Jan 31 22:08:24 2022

The user tried character 'E' on Mon Jan 31 22:08:25 2022

The Show Ended.
The show ended at: Mon Jan 31 22:08:32 2022


The show started at: Mon Jan 31 22:09:21 2022

The user tried character 'F' on Mon Jan 31 22:09:23 2022

The user tried character 'D' on Mon Jan 31 22:09:23 2022

The user tried character 'D' on Mon Jan 31 22:09:24 2022

The user tried character 'S' on Mon Jan 31 22:09:25 2022

The user tried character 'A' on Mon Jan 31 22:09:25 2022

The user tried character 'G' on Mon Jan 31 22:09:26 2022

The user tried character 'R' on Mon Jan 31 22:09:27 2022

The user tried character 'E' on Mon Jan 31 22:09:28 2022

The user tried character 'Q' on Mon Jan 31 22:09:28 2022

The Show Ended.
The show ended at: Mon Jan 31 22:09:35 2022


The show started at: Mon Jan 31 22:10:48 2022

The user tried character 'S' on Mon Jan 31 22:10:49 2022

The user tried character 'G' on Mon Jan 31 22:10:50 2022

The user tried character 'M' on Mon Jan 31 22:10:51 2022

The user tried character 'A' on Mon Jan 31 22:10:52 2022

The user tried character 'E' on Mon Jan 31 22:10:53 2022

The user tried character 'T' on Mon Jan 31 22:10:54 2022

The user tried character 'F' on Mon Jan 31 22:10:55 2022

The Show Ended.
The show ended at: Mon Jan 31 22:11:02 2022


The show started at: Mon Jan 31 22:11:56 2022

The user tried character 'D' on Mon Jan 31 22:12:13 2022

The user tried character 'A' on Mon Jan 31 22:12:21 2022

The user tried character 'F' on Mon Jan 31 22:12:22 2022

The user tried character 'G' on Mon Jan 31 22:12:23 2022

The user tried character 'R' on Mon Jan 31 22:12:27 2022

The user tried character 'G' on Mon Jan 31 22:12:27 2022

The user tried character 'G' on Mon Jan 31 22:12:28 2022

The user tried character 'A' on Mon Jan 31 22:12:30 2022

The user tried character 'D' on Mon Jan 31 22:12:31 2022

The user tried character 'T' on Mon Jan 31 22:12:32 2022

The Show Ended.
The show ended at: Mon Jan 31 22:12:39 2022


The show started at: Mon Jan 31 22:15:11 2022

The user tried character 'D' on Mon Jan 31 22:15:12 2022

The user tried character 'S' on Mon Jan 31 22:15:13 2022

The user tried character 'A' on Mon Jan 31 22:15:13 2022

The user tried character 'Q' on Mon Jan 31 22:15:14 2022

The user tried character 'V' on Mon Jan 31 22:15:15 2022

The user tried character 'G' on Mon Jan 31 22:15:15 2022

The Show Ended.
The show ended at: Mon Jan 31 22:15:22 2022


The show started at: Mon Jan 31 22:16:59 2022

The user tried character 'D' on Mon Jan 31 22:17:00 2022

The user tried character 'W' on Mon Jan 31 22:17:01 2022

The user tried character 'Q' on Mon Jan 31 22:17:02 2022

The Show Ended.
The show ended at: Mon Jan 31 22:17:09 2022


The show started at: Mon Jan 31 23:05:44 2022

The user tried character 'R' on Mon Jan 31 23:05:49 2022

The user tried character 'F' on Mon Jan 31 23:05:57 2022

The user tried character 'A' on Mon Jan 31 23:06:30 2022

The user tried character 'F' on Mon Jan 31 23:06:34 2022

The Show Ended.
The show ended at: Mon Jan 31 23:06:41 2022


The show started at: Mon Jan 31 23:07:57 2022

The user tried character 'D' on Mon Jan 31 23:07:58 2022

The user tried character 'S' on Mon Jan 31 23:07:59 2022

The user tried character 'A' on Mon Jan 31 23:08:00 2022

The user tried character 'V' on Mon Jan 31 23:08:01 2022

The user tried character 'G' on Mon Jan 31 23:08:02 2022

The user tried character 'F' on Mon Jan 31 23:08:04 2022

The user tried character 'E' on Mon Jan 31 23:08:05 2022

The Show Ended.
The show ended at: Mon Jan 31 23:08:12 2022


The show started at: Mon Jan 31 23:11:17 2022

The user tried character 'S' on Mon Jan 31 23:11:17 2022

The user tried character 'D' on Mon Jan 31 23:12:24 2022

The user tried character 'S' on Mon Jan 31 23:12:25 2022

The user tried character 'Q' on Mon Jan 31 23:12:26 2022

The user tried character 'D' on Mon Jan 31 23:12:32 2022

The user tried character 'R' on Mon Jan 31 23:12:35 2022

The Show Ended.
The show ended at: Mon Jan 31 23:12:42 2022


The show started at: Mon Jan 31 23:17:57 2022

The user tried character 'R' on Mon Jan 31 23:17:57 2022

The user tried character 'M' on Mon Jan 31 23:18:14 2022

The user tried character 'A' on Mon Jan 31 23:18:15 2022

The user tried character 'S' on Mon Jan 31 23:18:15 2022

The user tried character 'F' on Mon Jan 31 23:18:17 2022

The user tried character 'M' on Mon Jan 31 23:18:18 2022

The Show Ended.
The show ended at: Mon Jan 31 23:18:23 2022


The show started at: Mon Jan 31 23:19:19 2022

The user tried character 'F' on Mon Jan 31 23:19:22 2022

The user tried character 'A' on Mon Jan 31 23:19:24 2022

The user tried character 'X' on Mon Jan 31 23:19:24 2022

The user tried character 'D' on Mon Jan 31 23:19:25 2022

The user tried character 'S' on Mon Jan 31 23:19:26 2022

The user tried character 'A' on Mon Jan 31 23:19:27 2022

The user tried character 'G' on Mon Jan 31 23:19:28 2022

The user tried character 'H' on Mon Jan 31 23:19:30 2022

The Show Ended.
The show ended at: Mon Jan 31 23:19:35 2022


The show started at: Mon Jan 31 23:21:23 2022

The user tried character 'S' on Mon Jan 31 23:21:23 2022

The user tried character 'D' on Mon Jan 31 23:21:24 2022

The user tried character 'V' on Mon Jan 31 23:21:26 2022

The user tried character 'A' on Mon Jan 31 23:21:26 2022

The user tried character 'W' on Mon Jan 31 23:21:27 2022

The user tried character 'E' on Mon Jan 31 23:21:28 2022

The user tried character 'T' on Mon Jan 31 23:21:29 2022

The user tried character 'G' on Mon Jan 31 23:21:30 2022

The user tried character 'A' on Mon Jan 31 23:21:30 2022

The Show Ended.
The show ended at: Mon Jan 31 23:21:35 2022


The show started at: Mon Jan 31 21:58:47 2022

The user tried character 'R' on Mon Jan 31 21:58:48 2022

The user tried character 'D' on Mon Jan 31 21:58:50 2022

The user tried character 'S' on Mon Jan 31 21:58:51 2022

The user tried character 'A' on Mon Jan 31 21:58:52 2022

The user tried character 'G' on Mon Jan 31 21:58:53 2022

The user tried character 'G' on Mon Jan 31 21:58:56 2022

The user tried character 'R' on Mon Jan 31 21:58:56 2022

The user tried character 'E' on Mon Jan 31 21:58:57 2022

The user tried character 'F' on Mon Jan 31 21:59:05 2022

The Show Ended.
The show ended at: Mon Jan 31 23:22:25 2022


The show started at: Mon Jan 31 23:27:24 2022

The show ended at: Mon Jan 31 23:27:24 2022


The show started at: Mon Jan 31 23:27:38 2022

Player won.

The show ended at: Mon Jan 31 23:27:43 2022


The show started at: Mon Jan 31 23:33:15 2022

The user tried character 'D' on Mon Jan 31 23:33:18 2022

The user tried character 'A' on Mon Jan 31 23:33:20 2022

The user tried character 'M' on Mon Jan 31 23:33:25 2022

The user tried character 'Q' on Mon Jan 31 23:33:29 2022

The user tried character 'S' on Mon Jan 31 23:33:30 2022

The user tried character 'D' on Mon Jan 31 23:33:32 2022

END OF THE SHOW
The show ended at: Mon Jan 31 23:33:37 2022


The show started at: Mon Jan 31 23:34:27 2022

The user tried character 'F' on Mon Jan 31 23:34:30 2022

The user tried character 'A' on Mon Jan 31 23:34:31 2022

The user tried character 'W' on Mon Jan 31 23:34:32 2022

The user tried character 'A' on Mon Jan 31 23:34:33 2022

The user tried character 'X' on Mon Jan 31 23:34:34 2022

END OF THE SHOW
The show ended at: Mon Jan 31 23:34:39 2022


The show started at: Mon Jan 31 23:35:59 2022

The user tried character 'S' on Mon Jan 31 23:36:00 2022

The user tried character 'Q' on Mon Jan 31 23:36:02 2022

The user tried character 'S' on Mon Jan 31 23:36:03 2022

The user tried character 'G' on Mon Jan 31 23:36:04 2022

END OF THE SHOW
The show ended at: Mon Jan 31 23:36:09 2022


The show started at: Mon Jan 31 23:36:45 2022

The user tried character 'S' on Mon Jan 31 23:36:46 2022

The user tried character 'G' on Mon Jan 31 23:36:47 2022

The user tried character 'A' on Mon Jan 31 23:36:48 2022

The user tried character 'V' on Mon Jan 31 23:36:49 2022

The user tried character 'G' on Mon Jan 31 23:36:49 2022

The user tried character 'A' on Mon Jan 31 23:36:50 2022

The user tried character 'Q' on Mon Jan 31 23:36:51 2022

END OF THE SHOW
The show ended at: Mon Jan 31 23:36:56 2022


The show started at: Mon Jan 31 23:39:09 2022

Player won.

The show ended at: Mon Jan 31 23:39:14 2022


The show started at: Mon Jan 31 23:39:26 2022

The user tried character 'S' on Mon Jan 31 23:39:28 2022

The user tried character 'A' on Mon Jan 31 23:39:29 2022

The user tried character 'G' on Mon Jan 31 23:39:30 2022

The user tried character 'R' on Mon Jan 31 23:39:31 2022

The user tried character 'W' on Mon Jan 31 23:39:32 2022

The user tried character 'Q' on Mon Jan 31 23:39:33 2022

The user tried character 'Y' on Mon Jan 31 23:39:34 2022

The user tried character 'A' on Mon Jan 31 23:39:35 2022

END OF THE SHOW
The show ended at: Mon Jan 31 23:39:40 2022


The show started at: Mon Jan 31 23:40:25 2022

The user tried character 'S' on Mon Jan 31 23:40:26 2022

The user tried character 'F' on Mon Jan 31 23:40:27 2022

The user tried character 'G' on Mon Jan 31 23:40:28 2022

The user tried character 'A' on Mon Jan 31 23:40:29 2022

The user tried character 'X' on Mon Jan 31 23:40:30 2022

The user tried character 'V' on Mon Jan 31 23:40:30 2022

END OF THE SHOW
The show ended at: Mon Jan 31 23:40:35 2022


The show started at: Mon Jan 31 23:47:38 2022

The user tried character 'S' on Mon Jan 31 23:47:39 2022

The user tried character 'F' on Mon Jan 31 23:47:40 2022

The user tried character 'Q' on Mon Jan 31 23:47:40 2022

The user tried character 'A' on Mon Jan 31 23:47:41 2022

The user tried character 'X' on Mon Jan 31 23:47:42 2022

The user tried character 'V' on Mon Jan 31 23:47:42 2022

The user tried character 'G' on Mon Jan 31 23:47:43 2022

The user tried character 'H' on Mon Jan 31 23:47:44 2022

The user tried character 'T' on Mon Jan 31 23:47:45 2022

END OF THE SHOW
The show ended at: Mon Jan 31 23:47:50 2022


The show started at: Mon Jan 31 23:48:14 2022

The user tried character 'R' on Mon Jan 31 23:48:28 2022

The user tried character 'S' on Mon Jan 31 23:48:29 2022

The user tried character 'B' on Mon Jan 31 23:48:30 2022

The user tried character 'G' on Mon Jan 31 23:48:30 2022

The user tried character 'Q' on Mon Jan 31 23:48:31 2022

The user tried character 'A' on Mon Jan 31 23:48:32 2022

The user tried character 'X' on Mon Jan 31 23:48:32 2022

The user tried character 'F' on Mon Jan 31 23:48:33 2022

END OF THE SHOW
The show ended at: Mon Jan 31 23:48:38 2022


The show started at: Mon Jan 31 23:48:55 2022

The user tried character 'W' on Mon Jan 31 23:48:56 2022

The user tried character 'G' on Mon Jan 31 23:48:57 2022

The user tried character 'A' on Mon Jan 31 23:48:58 2022

The user tried character 'X' on Mon Jan 31 23:48:58 2022

The user tried character 'G' on Mon Jan 31 23:48:59 2022

The user tried character 'A' on Mon Jan 31 23:48:59 2022

END OF THE SHOW
The show ended at: Mon Jan 31 23:49:05 2022


The show started at: Mon Jan 31 23:50:22 2022

The user tried character 'W' on Mon Jan 31 23:50:23 2022

The user tried character 'G' on Mon Jan 31 23:50:24 2022

The user tried character 'A' on Mon Jan 31 23:50:25 2022

The user tried character 'V' on Mon Jan 31 23:50:25 2022

The user tried character 'G' on Mon Jan 31 23:50:26 2022

The user tried character 'A' on Mon Jan 31 23:50:27 2022

The user tried character 'W' on Mon Jan 31 23:50:27 2022

END OF THE SHOW
The show ended at: Mon Jan 31 23:50:33 2022


The show started at: Mon Jan 31 23:55:37 2022

The user tried character 'S' on Mon Jan 31 23:55:37 2022

The user tried character 'S' on Mon Jan 31 23:55:39 2022

The user tried character 'F' on Mon Jan 31 23:55:41 2022

The user tried character 'A' on Mon Jan 31 23:55:43 2022

The user tried character 'R' on Mon Jan 31 23:55:51 2022

The user tried character 'G' on Mon Jan 31 23:55:53 2022

The user tried character 'A' on Mon Jan 31 23:55:54 2022

END OF THE SHOW
The show ended at: Mon Jan 31 23:56:01 2022


The show started at: Tue Feb  1 17:58:34 2022

The user tried character 'F' on Tue Feb  1 17:58:37 2022

The user tried character 'Q' on Tue Feb  1 17:58:41 2022

The user tried character 'S' on Tue Feb  1 17:58:43 2022

The user tried character 'G' on Tue Feb  1 17:58:44 2022

The user tried character 'A' on Tue Feb  1 17:58:45 2022

The user tried character 'E' on Tue Feb  1 17:58:59 2022

The user tried character 'W' on Tue Feb  1 17:59:09 2022

The user tried character 'I' on Tue Feb  1 17:59:11 2022

The user tried character 'P' on Tue Feb  1 17:59:13 2022

Player won.

The show ended at: Tue Feb  1 17:59:18 2022


The show started at: Tue Feb  1 19:29:13 2022

The user tried character 'S' on Tue Feb  1 19:29:15 2022

The user tried character 'A' on Tue Feb  1 19:29:16 2022

The user tried character 'G' on Tue Feb  1 19:29:17 2022

The user tried character 'V' on Tue Feb  1 19:29:18 2022

The user tried character 'F' on Tue Feb  1 19:29:20 2022

The show ended show
The show ended at: Tue Feb  1 19:29:26 2022


The show started at: Tue Feb  1 19:31:34 2022

The user tried character 'G' on Tue Feb  1 19:31:37 2022

The user tried character 'A' on Tue Feb  1 19:31:39 2022

The user tried character 'W' on Tue Feb  1 19:31:39 2022

The user tried character 'G' on Tue Feb  1 19:31:40 2022

The user tried character 'B' on Tue Feb  1 19:31:41 2022

The user tried character 'A' on Tue Feb  1 19:31:42 2022

The user tried character 'W' on Tue Feb  1 19:31:44 2022

The user tried character 'G' on Tue Feb  1 19:31:45 2022

The show ended show
The show ended at: Tue Feb  1 19:31:51 2022


The show started at: Tue Feb  1 19:40:39 2022

Player won.

The show ended at: Tue Feb  1 19:40:44 2022


The show started at: Tue Feb  1 19:43:19 2022

The user tried character 'F' on Tue Feb  1 19:43:23 2022

The user tried character 'S' on Tue Feb  1 19:43:37 2022

The user tried character 'G' on Tue Feb  1 19:43:38 2022

The user tried character 'H' on Tue Feb  1 19:43:41 2022

The user tried character 'Y' on Tue Feb  1 19:43:42 2022

The user tried character 'A' on Tue Feb  1 19:43:44 2022

The user tried character 'G' on Tue Feb  1 19:43:45 2022

The user tried character 'H' on Tue Feb  1 19:43:46 2022

The user tried character 'Z' on Tue Feb  1 19:43:47 2022

The show ended show
The show ended at: Tue Feb  1 19:43:53 2022


The show started at: Tue Feb  1 19:45:41 2022

The user tried character 'S' on Tue Feb  1 19:45:42 2022

The user tried character 'G' on Tue Feb  1 19:45:43 2022

The user tried character 'A' on Tue Feb  1 19:45:44 2022

The user tried character 'C' on Tue Feb  1 19:45:45 2022

The user tried character 'G' on Tue Feb  1 19:45:46 2022

The user tried character 'W' on Tue Feb  1 19:45:47 2022

The user tried character 'A' on Tue Feb  1 19:45:49 2022

The show ended show
The show ended at: Tue Feb  1 19:45:55 2022


The show started at: Tue Feb  1 19:58:40 2022

The user tried character 'D' on Tue Feb  1 19:58:41 2022

The user tried character 'A' on Tue Feb  1 19:58:42 2022

The user tried character 'C' on Tue Feb  1 19:58:43 2022

The user tried character 'G' on Tue Feb  1 19:58:44 2022

The user tried character 'T' on Tue Feb  1 19:58:45 2022

The user tried character 'B' on Tue Feb  1 19:58:46 2022

The user tried character 'A' on Tue Feb  1 19:58:48 2022

The user tried character 'Q' on Tue Feb  1 19:58:48 2022

The user tried character 'R' on Tue Feb  1 19:58:50 2022

The show ended show
The show ended at: Tue Feb  1 19:58:56 2022


The show started at: Sat Mar  5 18:13:59 2022

The user tried character 'F' on Sat Mar  5 18:14:01 2022

The user tried character 'A' on Sat Mar  5 18:14:05 2022

The user tried character 'F' on Sat Mar  5 18:14:16 2022

The user tried character 'K' on Sat Mar  5 18:14:22 2022

The user tried character 'A' on Sat Mar  5 18:14:35 2022

The user tried character 'G' on Sat Mar  5 18:14:39 2022

The user tried character 'C' on Sat Mar  5 18:14:43 2022

The user tried character 'G' on Sat Mar  5 18:14:46 2022

The show ended show
The show ended at: Sat Mar  5 18:14:52 2022


The show started at: Sat Mar  5 18:18:03 2022

The user tried character 'F' on Sat Mar  5 18:18:13 2022

The user tried character 'W' on Sat Mar  5 18:18:17 2022

The user tried character 'G' on Sat Mar  5 18:18:19 2022

The user tried character 'A' on Sat Mar  5 18:18:21 2022

The user tried character 'M' on Sat Mar  5 18:18:25 2022

The show ended show
The show ended at: Sat Mar  5 18:18:31 2022


The show started at: Sat Mar  5 18:19:12 2022

The user tried character 'G' on Sat Mar  5 18:19:14 2022

The user tried character 'A' on Sat Mar  5 18:19:15 2022

The user tried character 'W' on Sat Mar  5 18:19:21 2022

The show ended show
The show ended at: Sat Mar  5 18:19:27 2022


The show started at: Sat Mar  5 18:23:43 2022

The user tried character 'D' on Sat Mar  5 18:23:50 2022

The user tried character 'S' on Sat Mar  5 18:23:55 2022

The user tried character 'E' on Sat Mar  5 18:24:04 2022

The user tried character 'F' on Sat Mar  5 18:24:06 2022

The user tried character 'G' on Sat Mar  5 18:24:08 2022

The user tried character 'T' on Sat Mar  5 18:24:11 2022

The user tried character 'G' on Sat Mar  5 18:24:13 2022

The user tried character 'J' on Sat Mar  5 18:24:18 2022

The user tried character '.' on Sat Mar  5 18:24:21 2022

The user tried character 'L' on Sat Mar  5 18:24:23 2022

The show ended show
The show ended at: Sat Mar  5 18:24:29 2022


The show started at: Sat Mar  5 18:28:48 2022

The user tried character 'D' on Sat Mar  5 18:28:49 2022

The user tried character 'S' on Sat Mar  5 18:28:50 2022

The user tried character 'A' on Sat Mar  5 18:28:52 2022

The user tried character 'G' on Sat Mar  5 18:28:53 2022

The user tried character 'H' on Sat Mar  5 18:28:54 2022

The user tried character 'B' on Sat Mar  5 18:28:55 2022

The user tried character 'Q' on Sat Mar  5 18:28:56 2022

The user tried character 'Y' on Sat Mar  5 18:28:58 2022

The show ended show
The show ended at: Sat Mar  5 18:29:04 2022


The show started at: Sat Mar  5 18:30:54 2022

The user tried character 'F' on Sat Mar  5 18:31:00 2022

The user tried character 'E' on Sat Mar  5 18:31:03 2022

The user tried character 'B' on Sat Mar  5 18:31:04 2022

The user tried character 'H' on Sat Mar  5 18:31:04 2022

The user tried character 'H' on Sat Mar  5 18:31:05 2022

The user tried character 'T' on Sat Mar  5 18:31:06 2022

The user tried character 'Q' on Sat Mar  5 18:31:07 2022

The show ended show
The show ended at: Sat Mar  5 18:31:13 2022


The show started at: Sat Mar  5 18:40:09 2022

The user tried character 'S' on Sat Mar  5 18:40:11 2022

The user tried character 'G' on Sat Mar  5 18:40:13 2022

The user tried character 'Y' on Sat Mar  5 18:40:14 2022

The user tried character 'G' on Sat Mar  5 18:40:15 2022

The show ended show
The show ended at: Sat Mar  5 18:40:21 2022


